<?xml version="1.0" encoding="UTF-8"?>
<testsuite xmlns:xsi="http://www.w3.org/2001/XMLSchema-instance" xsi:noNamespaceSchemaLocation="https://maven.apache.org/surefire/maven-surefire-plugin/xsd/surefire-test-report-3.0.xsd" version="3.0" name="com.adactin.runner.RunnerClass" time="14.735" tests="4" errors="0" skipped="0" failures="0">
  <properties>
[...]
</properties>
  <testcase name="User Login In The Web Application" classname="Hotel Booking In Adactin Application" time="7.409">
    <system-out><![CDATA[
Scenario: User Login In The Web Application                              &amp#27;[90m# src/test/java/com/adactin/feature/Adactin.feature:3&amp#27;[0m
  &amp#27;[32mGiven &amp#27;[0m&amp#27;[32muser Launch The Url In Adactin Application&amp#27;[0m                       &amp#27;[90m# com.adactin.stepdefinition.StepDefenition.user_Launch_The_Url_In_Adactin_Application()&amp#27;[0m
  &amp#27;[32mWhen &amp#27;[0m&amp#27;[32muser Enter The Username In User Field&amp#27;[0m                             &amp#27;[90m# com.adactin.stepdefinition.StepDefenition.user_Enter_The_Username_In_User_Field()&amp#27;[0m
  &amp#27;[32mAnd &amp#27;[0m&amp#27;[32muser Enter The Password In Paaword Field&amp#27;[0m                           &amp#27;[90m# com.adactin.stepdefinition.StepDefenition.user_Enter_The_Password_In_Paaword_Field()&amp#27;[0m
  &amp#27;[32mThen &amp#27;[0m&amp#27;[32muser Click The Login Button And It Navigates To Search Hotel Page&amp#27;[0m &amp#27;[90m# com.adactin.stepdefinition.StepDefenition.user_Click_The_Login_Button_And_It_Navigates_To_Search_Hotel_Page()&amp#27;[0m
]]></system-out>
    <system-err><![CDATA[Starting ChromeDriver 117.0.5938.88 (be6afae4721209be42944bbcd325665f9f44563b-refs/branch-heads/5938_62@{#9}) on port 60638
Only local connections are allowed.
Please see https://chromedriver.chromium.org/security-considerations for suggestions on keeping ChromeDriver safe.
ChromeDriver was started successfully.
[1698921185.107][WARNING]: This version of ChromeDriver has not been tested with Chrome version 118.
Nov 02, 2023 4:03:05 PM org.openqa.selenium.remote.ProtocolHandshake createSession
INFO: Detected dialect: W3C
]]></system-err>
  </testcase>
  <testcase name="User Select The Hotel Type" classname="Hotel Booking In Adactin Application" time="2.75">
    <system-out><![CDATA[
Scenario: User Select The Hotel Type                              &amp#27;[90m# src/test/java/com/adactin/feature/Adactin.feature:9&amp#27;[0m
  &amp#27;[32mWhen &amp#27;[0m&amp#27;[32mUser Select The Location&amp#27;[0m                                   &amp#27;[90m# com.adactin.stepdefinition.StepDefenition.user_Select_The_Location()&amp#27;[0m
  &amp#27;[32mAnd &amp#27;[0m&amp#27;[32muser Select The Hotels&amp#27;[0m                                      &amp#27;[90m# com.adactin.stepdefinition.StepDefenition.user_Select_The_Hotels()&amp#27;[0m
  &amp#27;[32mAnd &amp#27;[0m&amp#27;[32muser Select The Room Type&amp#27;[0m                                   &amp#27;[90m# com.adactin.stepdefinition.StepDefenition.user_Select_The_Room_Type()&amp#27;[0m
  &amp#27;[32mAnd &amp#27;[0m&amp#27;[32muser Select The Number Of Rooms&amp#27;[0m                             &amp#27;[90m# com.adactin.stepdefinition.StepDefenition.user_Select_The_Number_Of_Rooms()&amp#27;[0m
  &amp#27;[32mAnd &amp#27;[0m&amp#27;[32muser Enter The Check In Date&amp#27;[0m                                &amp#27;[90m# com.adactin.stepdefinition.StepDefenition.user_Enter_The_Check_In_Date()&amp#27;[0m
  &amp#27;[32mAnd &amp#27;[0m&amp#27;[32muser Enter The Check Out Date&amp#27;[0m                               &amp#27;[90m# com.adactin.stepdefinition.StepDefenition.user_Enter_The_Check_Out_Date()&amp#27;[0m
  &amp#27;[32mAnd &amp#27;[0m&amp#27;[32muser Select The Adults Per Room&amp#27;[0m                             &amp#27;[90m# com.adactin.stepdefinition.StepDefenition.user_Select_The_Adults_Per_Room()&amp#27;[0m
  &amp#27;[32mAnd &amp#27;[0m&amp#27;[32muser Select The Children Per Room&amp#27;[0m                           &amp#27;[90m# com.adactin.stepdefinition.StepDefenition.user_Select_The_Children_Per_Room()&amp#27;[0m
  &amp#27;[32mThen &amp#27;[0m&amp#27;[32muser Click The Search Button And It Navigates To Next Page&amp#27;[0m &amp#27;[90m# com.adactin.stepdefinition.StepDefenition.user_Click_The_Search_Button_And_It_Navigates_To_Next_Page()&amp#27;[0m
]]></system-out>
  </testcase>
  <testcase name="User Select The Hotel" classname="Hotel Booking In Adactin Application" time="0.812">
    <system-out><![CDATA[
Scenario: User Select The Hotel                                         &amp#27;[90m# src/test/java/com/adactin/feature/Adactin.feature:20&amp#27;[0m
  &amp#27;[32mWhen &amp#27;[0m&amp#27;[32muser Select The Hotel Name&amp#27;[0m                                       &amp#27;[90m# com.adactin.stepdefinition.StepDefenition.user_Select_The_Hotel_Name()&amp#27;[0m
  &amp#27;[32mThen &amp#27;[0m&amp#27;[32muser Click The Continue Button And And It Navigates To Next Page&amp#27;[0m &amp#27;[90m# com.adactin.stepdefinition.StepDefenition.user_Click_The_Continue_Button_And_And_It_Navigates_To_Next_Page()&amp#27;[0m
]]></system-out>
  </testcase>
  <testcase name="User Book A Hotel" classname="Hotel Booking In Adactin Application" time="1.508">
    <system-out><![CDATA[
Scenario: User Book A Hotel                                   &amp#27;[90m# src/test/java/com/adactin/feature/Adactin.feature:24&amp#27;[0m
  &amp#27;[32mWhen &amp#27;[0m&amp#27;[32muser Enter The First Name In First Name Field&amp#27;[0m          &amp#27;[90m# com.adactin.stepdefinition.StepDefenition.user_Enter_The_First_Name_In_First_Name_Field()&amp#27;[0m
  &amp#27;[32mAnd &amp#27;[0m&amp#27;[32muser Enter The Last Name In Last Name Field&amp#27;[0m             &amp#27;[90m# com.adactin.stepdefinition.StepDefenition.user_Enter_The_Last_Name_In_Last_Name_Field()&amp#27;[0m
  &amp#27;[32mAnd &amp#27;[0m&amp#27;[32muser Enter The Billing Address In Billing Address Field&amp#27;[0m &amp#27;[90m# com.adactin.stepdefinition.StepDefenition.user_Enter_The_Billing_Address_In_Billing_Address_Field()&amp#27;[0m
  &amp#27;[32mAnd &amp#27;[0m&amp#27;[32muser Enter The Credit Card No In Credit Card No Field&amp#27;[0m   &amp#27;[90m# com.adactin.stepdefinition.StepDefenition.user_Enter_The_Credit_Card_No_In_Credit_Card_No_Field()&amp#27;[0m
  &amp#27;[32mAnd &amp#27;[0m&amp#27;[32muser Select The Credit Card Type In Credit Card Field&amp#27;[0m   &amp#27;[90m# com.adactin.stepdefinition.StepDefenition.user_Select_The_Credit_Card_Type_In_Credit_Card_Field()&amp#27;[0m
  &amp#27;[32mAnd &amp#27;[0m&amp#27;[32muser Select The Expiry Date In Month And Year&amp#27;[0m           &amp#27;[90m# com.adactin.stepdefinition.StepDefenition.user_Select_The_Expiry_Date_In_Month_And_Year()&amp#27;[0m
  &amp#27;[32mAnd &amp#27;[0m&amp#27;[32muser Enter The Cvv Number In Cvv Number Field&amp#27;[0m           &amp#27;[90m# com.adactin.stepdefinition.StepDefenition.user_Enter_The_Cvv_Number_In_Cvv_Number_Field()&amp#27;[0m
  &amp#27;[32mThen &amp#27;[0m&amp#27;[32mUser Click The Book Now And It Navigates To Next Page&amp#27;[0m  &amp#27;[90m# com.adactin.stepdefinition.StepDefenition.user_Click_The_Book_Now_And_It_Navigates_To_Next_Page()&amp#27;[0m
]]></system-out>
  </testcase>
</testsuite>